[0.010s] Invoking command in '/home/m_gnr/hamals_lidar_toolbox/hamals_lidar_toolbox/build/hamals_lidar_toolbox': CMAKE_PREFIX_PATH=${CMAKE_PREFIX_PATH}:/opt/ros/humble /usr/bin/cmake /home/m_gnr/hamals_lidar_toolbox/hamals_lidar_toolbox -DCMAKE_INSTALL_PREFIX=/home/m_gnr/hamals_lidar_toolbox/hamals_lidar_toolbox/install/hamals_lidar_toolbox
[0.063s] -- The C compiler identification is GNU 11.4.0
[0.114s] -- The CXX compiler identification is GNU 11.4.0
[0.122s] -- Detecting C compiler ABI info
[0.183s] -- Detecting C compiler ABI info - done
[0.191s] -- Check for working C compiler: /usr/bin/cc - skipped
[0.191s] -- Detecting C compile features
[0.191s] -- Detecting C compile features - done
[0.194s] -- Detecting CXX compiler ABI info
[0.265s] -- Detecting CXX compiler ABI info - done
[0.272s] -- Check for working CXX compiler: /usr/bin/c++ - skipped
[0.272s] -- Detecting CXX compile features
[0.273s] -- Detecting CXX compile features - done
[0.275s] -- Found ament_cmake: 1.3.12 (/opt/ros/humble/share/ament_cmake/cmake)
[0.416s] -- Found Python3: /usr/bin/python3 (found version "3.10.12") found components: Interpreter 
[0.499s] -- Found rclcpp: 16.0.15 (/opt/ros/humble/share/rclcpp/cmake)
[0.537s] -- Found rosidl_generator_c: 3.1.7 (/opt/ros/humble/share/rosidl_generator_c/cmake)
[0.541s] -- Found rosidl_adapter: 3.1.7 (/opt/ros/humble/share/rosidl_adapter/cmake)
[0.549s] -- Found rosidl_generator_cpp: 3.1.7 (/opt/ros/humble/share/rosidl_generator_cpp/cmake)
[0.560s] -- Using all available rosidl_typesupport_c: rosidl_typesupport_fastrtps_c;rosidl_typesupport_introspection_c
[0.577s] -- Using all available rosidl_typesupport_cpp: rosidl_typesupport_fastrtps_cpp;rosidl_typesupport_introspection_cpp
[0.620s] -- Found rmw_implementation_cmake: 6.1.2 (/opt/ros/humble/share/rmw_implementation_cmake/cmake)
[0.622s] -- Found rmw_fastrtps_cpp: 6.2.8 (/opt/ros/humble/share/rmw_fastrtps_cpp/cmake)
[0.698s] -- Found OpenSSL: /usr/lib/x86_64-linux-gnu/libcrypto.so (found version "3.0.2")  
[0.723s] -- Found FastRTPS: /opt/ros/humble/include  
[0.758s] -- Using RMW implementation 'rmw_fastrtps_cpp' as default
[0.765s] -- Looking for pthread.h
[0.830s] -- Looking for pthread.h - found
[0.830s] -- Performing Test CMAKE_HAVE_LIBC_PTHREAD
[0.896s] -- Performing Test CMAKE_HAVE_LIBC_PTHREAD - Success
[0.897s] -- Found Threads: TRUE  
[0.948s] -- Found sensor_msgs: 4.9.0 (/opt/ros/humble/share/sensor_msgs/cmake)
[0.980s] -- Found ament_lint_auto: 0.12.14 (/opt/ros/humble/share/ament_lint_auto/cmake)
[1.063s] -- Added test 'cppcheck' to perform static code analysis on C / C++ code
[1.063s] -- Configured cppcheck include dirs: /home/m_gnr/hamals_lidar_toolbox/hamals_lidar_toolbox/include
[1.063s] -- Configured cppcheck exclude dirs and/or files: 
[1.065s] -- Added test 'flake8' to check Python code syntax and style conventions
[1.068s] -- Added test 'lint_cmake' to check CMake code style
[1.069s] -- Added test 'pep257' to check Python code against some of the docstring style conventions in PEP 257
[1.079s] -- Added test 'uncrustify' to check C / C++ code style
[1.079s] -- Configured uncrustify additional arguments: 
[1.080s] -- Added test 'xmllint' to check XML markup files
[1.081s] -- Configuring done
[1.083s] [31mCMake Error at CMakeLists.txt:42 (add_library):
[1.083s]   Cannot find source file:
[1.083s] 
[1.083s]     ros/adapters/LaserScanAdapter.cpp
[1.083s] 
[1.084s]   Tried extensions .c .C .c++ .cc .cpp .cxx .cu .mpp .m .M .mm .ixx .cppm .h
[1.084s]   .hh .h++ .hm .hpp .hxx .in .txx .f .F .for .f77 .f90 .f95 .f03 .hip .ispc
[1.084s] 
[1.084s] [0m
[1.084s] [31mCMake Error at CMakeLists.txt:42 (add_library):
[1.084s]   No SOURCES given to target: hamals_lidar_toolbox_ros
[1.084s] 
[1.084s] [0m
[1.084s] [0mCMake Generate step failed.  Build files cannot be regenerated correctly.[0m
[1.095s] Invoked command in '/home/m_gnr/hamals_lidar_toolbox/hamals_lidar_toolbox/build/hamals_lidar_toolbox' returned '1': CMAKE_PREFIX_PATH=${CMAKE_PREFIX_PATH}:/opt/ros/humble /usr/bin/cmake /home/m_gnr/hamals_lidar_toolbox/hamals_lidar_toolbox -DCMAKE_INSTALL_PREFIX=/home/m_gnr/hamals_lidar_toolbox/hamals_lidar_toolbox/install/hamals_lidar_toolbox
